TN:
SF:src/server.js
FN:47,write
FN:63,(anonymous_8)
FNF:2
FNH:1
FNDA:10,write
FNDA:0,(anonymous_8)
DA:1,1
DA:3,1
DA:5,1
DA:6,1
DA:7,1
DA:8,1
DA:9,1
DA:10,1
DA:11,1
DA:13,1
DA:14,1
DA:16,1
DA:18,1
DA:20,1
DA:22,1
DA:24,1
DA:26,1
DA:34,1
DA:45,1
DA:47,10
DA:51,1
DA:53,1
DA:54,1
DA:56,1
DA:58,1
DA:63,1
DA:64,0
DA:65,0
DA:69,1
DA:71,1
DA:73,1
LF:31
LH:29
BRF:0
BRH:0
end_of_record
TN:
SF:src/controllers/index.js
FN:24,authenticate
FN:33,(anonymous_8)
FN:33,_callee
FN:39,(anonymous_11)
FN:33,generateThumbnail
FN:59,(anonymous_13)
FN:59,_callee2
FN:59,applyJsonPatch
FNF:8
FNH:8
FNDA:1,authenticate
FNDA:1,(anonymous_8)
FNDA:6,_callee
FNDA:2,(anonymous_11)
FNDA:2,generateThumbnail
FNDA:1,(anonymous_13)
FNDA:7,_callee2
FNDA:2,applyJsonPatch
DA:1,1
DA:2,1
DA:3,1
DA:4,1
DA:6,1
DA:8,1
DA:10,1
DA:13,1
DA:14,1
DA:15,1
DA:16,1
DA:18,1
DA:24,1
DA:25,1
DA:27,1
DA:33,16
DA:35,2
DA:40,2
DA:41,1
DA:42,1
DA:44,1
DA:48,1
DA:59,22
DA:62,2
LF:24
LH:24
BRDA:33,0,0,2
BRDA:33,0,1,0
BRDA:33,0,2,0
BRDA:33,0,3,2
BRDA:40,1,0,1
BRDA:40,1,1,1
BRDA:59,2,0,2
BRDA:59,2,1,1
BRDA:59,2,2,0
BRDA:59,2,3,2
BRF:10
BRH:7
end_of_record
TN:
SF:src/middlewares/checkUserIsAuthenticated.js
FN:3,checkUserIsAuthenticated
FNF:1
FNH:1
FNDA:8,checkUserIsAuthenticated
DA:1,1
DA:3,1
DA:4,8
DA:5,8
DA:6,8
DA:7,1
DA:11,7
DA:12,7
DA:13,6
DA:14,6
DA:16,1
DA:22,1
LF:12
LH:12
BRDA:5,0,0,8
BRDA:5,0,1,1
BRDA:6,1,0,1
BRDA:6,1,1,7
BRF:4
BRH:4
end_of_record
TN:
SF:src/middlewares/validators.js
FN:8,validate
FN:21,validateUsernameAndPassword
FN:30,validateImageurl
FN:38,validatePatchAndDocument
FNF:4
FNH:4
FNDA:8,validate
FNDA:2,validateUsernameAndPassword
FNDA:3,validateImageurl
FNDA:3,validatePatchAndDocument
DA:1,1
DA:3,1
DA:8,1
DA:9,8
DA:10,8
DA:11,5
DA:14,3
DA:15,3
DA:21,2
DA:22,2
DA:27,2
DA:30,3
DA:31,3
DA:35,3
DA:38,3
DA:39,3
DA:44,3
LF:17
LH:17
BRDA:10,0,0,5
BRDA:10,0,1,3
BRF:2
BRH:2
end_of_record
TN:
SF:src/routes/index.js
FN:5,_default
FNF:1
FNH:1
FNDA:1,_default
DA:1,1
DA:2,1
DA:3,1
DA:5,1
DA:6,1
DA:7,1
DA:8,1
LF:7
LH:7
BRF:0
BRH:0
end_of_record
TN:
SF:src/utilities/createToken.js
FN:3,createToken
FNF:1
FNH:1
FNDA:7,createToken
DA:1,1
DA:3,8
DA:8,1
LF:3
LH:3
BRF:0
BRH:0
end_of_record
